2024-07-13T14:08:07.595Z info: APP IS RUNNING ON PORT 
2024-07-13T14:08:17.403Z info: APP IS RUNNING ON PORT ---> 8000
2024-07-13T14:08:31.576Z info: APP IS RUNNING ON PORT ---> "8000"
2024-07-13T14:08:40.901Z info: APP IS RUNNING ON PORT ---> [8000]
2024-07-13T14:09:16.024Z info: APP IS RUNNING ON PORT ---> [8000]
2024-07-13T14:09:22.640Z info: APP IS RUNNING ON PORT ---> [8000]
2024-07-13T14:11:05.068Z info: APP IS RUNNING ON PORT ---> [8000]
2024-07-13T14:11:12.878Z info: APP IS RUNNING ON PORT ---> [8000]
2024-07-13T14:11:32.856Z info: APP IS RUNNING ON PORT ---> [8000]
2024-07-13T14:11:46.567Z info: APP IS RUNNING ON PORT ---> [8000]
2024-07-13T14:12:51.551Z info: APP IS RUNNING ON PORT ---> [8000]
2024-07-13T14:13:25.534Z info: APP IS RUNNING ON PORT ---> [8000]
2024-07-13T14:13:33.472Z info: APP IS RUNNING ON PORT ---> [8000]
2024-07-13T14:13:37.301Z info: APP IS RUNNING ON PORT ---> [8000]
2024-07-13T14:13:41.330Z info: APP IS RUNNING ON PORT ---> [8000]
2024-07-13T14:13:44.823Z info: APP IS RUNNING ON PORT ---> [8000]
2024-07-13T14:13:56.530Z info: GET /
2024-07-13T14:15:44.109Z info: APP IS RUNNING ON PORT ---> [8000]
2024-07-13T14:15:49.985Z info: GET /sdfc
2024-07-13T14:15:49.986Z warn: Request not found!
2024-07-13T14:15:49.994Z error: Error: Request not found!
    at notFoundHandler (N:\upgrade skills 2024\Backend\Express\typescript-nodejs-starer\src\middlewares\notFountHandler.ts:6:17)
    at Layer.handle [as handle_request] (N:\upgrade skills 2024\Backend\Express\typescript-nodejs-starer\node_modules\express\lib\router\layer.js:95:5)
    at trim_prefix (N:\upgrade skills 2024\Backend\Express\typescript-nodejs-starer\node_modules\express\lib\router\index.js:328:13)
    at N:\upgrade skills 2024\Backend\Express\typescript-nodejs-starer\node_modules\express\lib\router\index.js:286:9
    at Function.process_params (N:\upgrade skills 2024\Backend\Express\typescript-nodejs-starer\node_modules\express\lib\router\index.js:346:12)
    at next (N:\upgrade skills 2024\Backend\Express\typescript-nodejs-starer\node_modules\express\lib\router\index.js:280:10)
    at N:\upgrade skills 2024\Backend\Express\typescript-nodejs-starer\node_modules\express\lib\router\index.js:646:15
    at next (N:\upgrade skills 2024\Backend\Express\typescript-nodejs-starer\node_modules\express\lib\router\index.js:265:14)
    at Function.handle (N:\upgrade skills 2024\Backend\Express\typescript-nodejs-starer\node_modules\express\lib\router\index.js:175:3)
    at router (N:\upgrade skills 2024\Backend\Express\typescript-nodejs-starer\node_modules\express\lib\router\index.js:47:12)
2024-07-13T14:16:27.570Z info: APP IS RUNNING ON PORT ---> [8000]
2024-07-13T14:17:03.632Z info: APP IS RUNNING ON PORT ---> [8000]
2024-07-13T14:23:44.099Z info: APP IS RUNNING ON PORT ---> [8000]
2024-07-13T14:24:07.034Z info: APP IS RUNNING ON PORT ---> [8000]
2024-07-13T14:24:13.487Z info: APP IS RUNNING ON PORT ---> [8000]
2024-07-13T14:24:34.220Z info: GET /auth/register
2024-07-13T14:24:46.106Z info: APP IS RUNNING ON PORT ---> [8000]
2024-07-13T14:24:46.191Z info: GET /auth/register
2024-07-13T14:24:46.193Z warn: Request not found!
2024-07-13T14:24:46.200Z error: Error: Request not found!
    at notFoundHandler (N:\upgrade skills 2024\Backend\Express\typescript-nodejs-starer\src\middlewares\notFountHandler.ts:6:17)
    at Layer.handle [as handle_request] (N:\upgrade skills 2024\Backend\Express\typescript-nodejs-starer\node_modules\express\lib\router\layer.js:95:5)
    at trim_prefix (N:\upgrade skills 2024\Backend\Express\typescript-nodejs-starer\node_modules\express\lib\router\index.js:328:13)
    at N:\upgrade skills 2024\Backend\Express\typescript-nodejs-starer\node_modules\express\lib\router\index.js:286:9
    at Function.process_params (N:\upgrade skills 2024\Backend\Express\typescript-nodejs-starer\node_modules\express\lib\router\index.js:346:12)
    at next (N:\upgrade skills 2024\Backend\Express\typescript-nodejs-starer\node_modules\express\lib\router\index.js:280:10)
    at N:\upgrade skills 2024\Backend\Express\typescript-nodejs-starer\node_modules\express\lib\router\index.js:646:15
    at next (N:\upgrade skills 2024\Backend\Express\typescript-nodejs-starer\node_modules\express\lib\router\index.js:265:14)
    at N:\upgrade skills 2024\Backend\Express\typescript-nodejs-starer\node_modules\express\lib\router\index.js:646:15
    at next (N:\upgrade skills 2024\Backend\Express\typescript-nodejs-starer\node_modules\express\lib\router\index.js:265:14)
2024-07-13T14:25:57.870Z info: APP IS RUNNING ON PORT ---> [8000]
2024-07-13T14:26:01.466Z info: GET /auth/register
2024-07-13T14:26:01.646Z warn: Request not found!
2024-07-13T14:26:01.657Z error: Error: Request not found!
    at notFoundHandler (N:\upgrade skills 2024\Backend\Express\typescript-nodejs-starer\src\middlewares\notFountHandler.ts:6:17)
    at Layer.handle [as handle_request] (N:\upgrade skills 2024\Backend\Express\typescript-nodejs-starer\node_modules\express\lib\router\layer.js:95:5)
    at trim_prefix (N:\upgrade skills 2024\Backend\Express\typescript-nodejs-starer\node_modules\express\lib\router\index.js:328:13)
    at N:\upgrade skills 2024\Backend\Express\typescript-nodejs-starer\node_modules\express\lib\router\index.js:286:9
    at Function.process_params (N:\upgrade skills 2024\Backend\Express\typescript-nodejs-starer\node_modules\express\lib\router\index.js:346:12)
    at next (N:\upgrade skills 2024\Backend\Express\typescript-nodejs-starer\node_modules\express\lib\router\index.js:280:10)
    at N:\upgrade skills 2024\Backend\Express\typescript-nodejs-starer\node_modules\express\lib\router\index.js:646:15
    at next (N:\upgrade skills 2024\Backend\Express\typescript-nodejs-starer\node_modules\express\lib\router\index.js:265:14)
    at N:\upgrade skills 2024\Backend\Express\typescript-nodejs-starer\node_modules\express\lib\router\index.js:646:15
    at next (N:\upgrade skills 2024\Backend\Express\typescript-nodejs-starer\node_modules\express\lib\router\index.js:265:14)
2024-07-13T14:30:31.212Z info: APP IS RUNNING ON PORT ---> [8000]
2024-07-13T14:30:32.975Z info: GET /auth/register
2024-07-13T14:30:32.977Z warn: Method GET not allowed on /auth/register
2024-07-13T14:30:32.986Z error: Error: Method GET not allowed on /auth/register
    at N:\upgrade skills 2024\Backend\Express\typescript-nodejs-starer\src\routes\index.ts:17:17
    at Layer.handle [as handle_request] (N:\upgrade skills 2024\Backend\Express\typescript-nodejs-starer\node_modules\express\lib\router\layer.js:95:5)
    at next (N:\upgrade skills 2024\Backend\Express\typescript-nodejs-starer\node_modules\express\lib\router\route.js:149:13)
    at Route.dispatch (N:\upgrade skills 2024\Backend\Express\typescript-nodejs-starer\node_modules\express\lib\router\route.js:119:3)
    at Layer.handle [as handle_request] (N:\upgrade skills 2024\Backend\Express\typescript-nodejs-starer\node_modules\express\lib\router\layer.js:95:5)
    at N:\upgrade skills 2024\Backend\Express\typescript-nodejs-starer\node_modules\express\lib\router\index.js:284:15
    at param (N:\upgrade skills 2024\Backend\Express\typescript-nodejs-starer\node_modules\express\lib\router\index.js:365:14)
    at param (N:\upgrade skills 2024\Backend\Express\typescript-nodejs-starer\node_modules\express\lib\router\index.js:376:14)
    at Function.process_params (N:\upgrade skills 2024\Backend\Express\typescript-nodejs-starer\node_modules\express\lib\router\index.js:421:3)
    at next (N:\upgrade skills 2024\Backend\Express\typescript-nodejs-starer\node_modules\express\lib\router\index.js:280:10)
2024-07-13T14:30:38.504Z info: GET /auth/register/sd
2024-07-13T14:30:38.505Z warn: Method GET not allowed on /auth/register/sd
2024-07-13T14:30:38.508Z error: Error: Method GET not allowed on /auth/register/sd
    at N:\upgrade skills 2024\Backend\Express\typescript-nodejs-starer\src\routes\index.ts:17:17
    at Layer.handle [as handle_request] (N:\upgrade skills 2024\Backend\Express\typescript-nodejs-starer\node_modules\express\lib\router\layer.js:95:5)
    at next (N:\upgrade skills 2024\Backend\Express\typescript-nodejs-starer\node_modules\express\lib\router\route.js:149:13)
    at Route.dispatch (N:\upgrade skills 2024\Backend\Express\typescript-nodejs-starer\node_modules\express\lib\router\route.js:119:3)
    at Layer.handle [as handle_request] (N:\upgrade skills 2024\Backend\Express\typescript-nodejs-starer\node_modules\express\lib\router\layer.js:95:5)
    at N:\upgrade skills 2024\Backend\Express\typescript-nodejs-starer\node_modules\express\lib\router\index.js:284:15
    at param (N:\upgrade skills 2024\Backend\Express\typescript-nodejs-starer\node_modules\express\lib\router\index.js:365:14)
    at param (N:\upgrade skills 2024\Backend\Express\typescript-nodejs-starer\node_modules\express\lib\router\index.js:376:14)
    at Function.process_params (N:\upgrade skills 2024\Backend\Express\typescript-nodejs-starer\node_modules\express\lib\router\index.js:421:3)
    at next (N:\upgrade skills 2024\Backend\Express\typescript-nodejs-starer\node_modules\express\lib\router\index.js:280:10)
2024-07-13T14:30:53.033Z info: APP IS RUNNING ON PORT ---> [8000]
2024-07-13T14:30:53.187Z info: GET /auth/register/sd
2024-07-13T14:30:53.305Z warn: Request not found!
2024-07-13T14:30:53.311Z error: Error: Request not found!
    at notFoundHandler (N:\upgrade skills 2024\Backend\Express\typescript-nodejs-starer\src\middlewares\notFountHandler.ts:6:17)
    at Layer.handle [as handle_request] (N:\upgrade skills 2024\Backend\Express\typescript-nodejs-starer\node_modules\express\lib\router\layer.js:95:5)
    at trim_prefix (N:\upgrade skills 2024\Backend\Express\typescript-nodejs-starer\node_modules\express\lib\router\index.js:328:13)
    at N:\upgrade skills 2024\Backend\Express\typescript-nodejs-starer\node_modules\express\lib\router\index.js:286:9
    at Function.process_params (N:\upgrade skills 2024\Backend\Express\typescript-nodejs-starer\node_modules\express\lib\router\index.js:346:12)
    at Immediate.next (N:\upgrade skills 2024\Backend\Express\typescript-nodejs-starer\node_modules\express\lib\router\index.js:280:10)
    at Immediate._onImmediate (N:\upgrade skills 2024\Backend\Express\typescript-nodejs-starer\node_modules\express\lib\router\index.js:646:15)
    at processImmediate (node:internal/timers:478:21)
2024-07-13T14:30:56.092Z info: GET /auth/register
2024-07-13T14:30:56.228Z warn: Request not found!
2024-07-13T14:30:56.230Z error: Error: Request not found!
    at notFoundHandler (N:\upgrade skills 2024\Backend\Express\typescript-nodejs-starer\src\middlewares\notFountHandler.ts:6:17)
    at Layer.handle [as handle_request] (N:\upgrade skills 2024\Backend\Express\typescript-nodejs-starer\node_modules\express\lib\router\layer.js:95:5)
    at trim_prefix (N:\upgrade skills 2024\Backend\Express\typescript-nodejs-starer\node_modules\express\lib\router\index.js:328:13)
    at N:\upgrade skills 2024\Backend\Express\typescript-nodejs-starer\node_modules\express\lib\router\index.js:286:9
    at Function.process_params (N:\upgrade skills 2024\Backend\Express\typescript-nodejs-starer\node_modules\express\lib\router\index.js:346:12)
    at Immediate.next (N:\upgrade skills 2024\Backend\Express\typescript-nodejs-starer\node_modules\express\lib\router\index.js:280:10)
    at Immediate._onImmediate (N:\upgrade skills 2024\Backend\Express\typescript-nodejs-starer\node_modules\express\lib\router\index.js:646:15)
    at processImmediate (node:internal/timers:478:21)
2024-07-13T14:32:04.135Z info: APP IS RUNNING ON PORT ---> [8000]
2024-07-13T14:32:06.920Z info: APP IS RUNNING ON PORT ---> [8000]
2024-07-13T14:35:49.091Z info: APP IS RUNNING ON PORT ---> [8000]
2024-07-13T14:35:52.898Z info: APP IS RUNNING ON PORT ---> [8000]
2024-07-13T14:35:57.395Z info: APP IS RUNNING ON PORT ---> [8000]
2024-07-13T14:36:01.807Z info: APP IS RUNNING ON PORT ---> [8000]
2024-07-13T14:36:07.037Z info: APP IS RUNNING ON PORT ---> [8000]
2024-07-13T14:36:11.858Z info: APP IS RUNNING ON PORT ---> [8000]
2024-07-13T14:36:14.774Z info: APP IS RUNNING ON PORT ---> [8000]
2024-07-13T14:36:30.936Z info: APP IS RUNNING ON PORT ---> [8000]
2024-07-13T14:36:34.831Z info: APP IS RUNNING ON PORT ---> [8000]
2024-07-13T14:37:22.422Z info: APP IS RUNNING ON PORT ---> [8000]
2024-07-13T14:39:27.994Z info: APP IS RUNNING ON PORT ---> [8000]
2024-07-13T14:39:39.090Z info: APP IS RUNNING ON PORT ---> [8000]
2024-07-13T14:39:57.606Z info: APP IS RUNNING ON PORT ---> [8000]
2024-07-13T14:40:01.585Z info: APP IS RUNNING ON PORT ---> [8000]
2024-07-13T14:40:11.462Z info: APP IS RUNNING ON PORT ---> [8000]
2024-07-13T14:40:15.707Z info: APP IS RUNNING ON PORT ---> [8000]
2024-07-13T14:41:00.115Z info: APP IS RUNNING ON PORT ---> [8000]
2024-07-13T14:41:43.263Z info: APP IS RUNNING ON PORT ---> [8000]
2024-07-13T14:41:46.263Z info: GET /auth/register
2024-07-13T14:41:46.396Z warn: Request not found!
2024-07-13T14:41:46.402Z error: Error: Request not found!
    at notFoundHandler (N:\upgrade skills 2024\Backend\Express\typescript-nodejs-starer\src\middlewares\notFountHandler.ts:6:17)
    at Layer.handle [as handle_request] (N:\upgrade skills 2024\Backend\Express\typescript-nodejs-starer\node_modules\express\lib\router\layer.js:95:5)
    at trim_prefix (N:\upgrade skills 2024\Backend\Express\typescript-nodejs-starer\node_modules\express\lib\router\index.js:328:13)
    at N:\upgrade skills 2024\Backend\Express\typescript-nodejs-starer\node_modules\express\lib\router\index.js:286:9
    at Function.process_params (N:\upgrade skills 2024\Backend\Express\typescript-nodejs-starer\node_modules\express\lib\router\index.js:346:12)
    at Immediate.next (N:\upgrade skills 2024\Backend\Express\typescript-nodejs-starer\node_modules\express\lib\router\index.js:280:10)
    at Immediate._onImmediate (N:\upgrade skills 2024\Backend\Express\typescript-nodejs-starer\node_modules\express\lib\router\index.js:646:15)
    at processImmediate (node:internal/timers:478:21)
2024-07-13T14:42:02.813Z info: APP IS RUNNING ON PORT ---> [8000]
2024-07-13T14:42:02.988Z info: GET /auth/register
