2024-07-13T14:13:33.472Z info: APP IS RUNNING ON PORT ---> [8000]
2024-07-13T14:15:49.994Z error: Error: Request not found!
    at notFoundHandler (N:\upgrade skills 2024\Backend\Express\typescript-nodejs-starer\src\middlewares\notFountHandler.ts:6:17)
    at Layer.handle [as handle_request] (N:\upgrade skills 2024\Backend\Express\typescript-nodejs-starer\node_modules\express\lib\router\layer.js:95:5)
    at trim_prefix (N:\upgrade skills 2024\Backend\Express\typescript-nodejs-starer\node_modules\express\lib\router\index.js:328:13)
    at N:\upgrade skills 2024\Backend\Express\typescript-nodejs-starer\node_modules\express\lib\router\index.js:286:9
    at Function.process_params (N:\upgrade skills 2024\Backend\Express\typescript-nodejs-starer\node_modules\express\lib\router\index.js:346:12)
    at next (N:\upgrade skills 2024\Backend\Express\typescript-nodejs-starer\node_modules\express\lib\router\index.js:280:10)
    at N:\upgrade skills 2024\Backend\Express\typescript-nodejs-starer\node_modules\express\lib\router\index.js:646:15
    at next (N:\upgrade skills 2024\Backend\Express\typescript-nodejs-starer\node_modules\express\lib\router\index.js:265:14)
    at Function.handle (N:\upgrade skills 2024\Backend\Express\typescript-nodejs-starer\node_modules\express\lib\router\index.js:175:3)
    at router (N:\upgrade skills 2024\Backend\Express\typescript-nodejs-starer\node_modules\express\lib\router\index.js:47:12)
2024-07-13T14:24:46.200Z error: Error: Request not found!
    at notFoundHandler (N:\upgrade skills 2024\Backend\Express\typescript-nodejs-starer\src\middlewares\notFountHandler.ts:6:17)
    at Layer.handle [as handle_request] (N:\upgrade skills 2024\Backend\Express\typescript-nodejs-starer\node_modules\express\lib\router\layer.js:95:5)
    at trim_prefix (N:\upgrade skills 2024\Backend\Express\typescript-nodejs-starer\node_modules\express\lib\router\index.js:328:13)
    at N:\upgrade skills 2024\Backend\Express\typescript-nodejs-starer\node_modules\express\lib\router\index.js:286:9
    at Function.process_params (N:\upgrade skills 2024\Backend\Express\typescript-nodejs-starer\node_modules\express\lib\router\index.js:346:12)
    at next (N:\upgrade skills 2024\Backend\Express\typescript-nodejs-starer\node_modules\express\lib\router\index.js:280:10)
    at N:\upgrade skills 2024\Backend\Express\typescript-nodejs-starer\node_modules\express\lib\router\index.js:646:15
    at next (N:\upgrade skills 2024\Backend\Express\typescript-nodejs-starer\node_modules\express\lib\router\index.js:265:14)
    at N:\upgrade skills 2024\Backend\Express\typescript-nodejs-starer\node_modules\express\lib\router\index.js:646:15
    at next (N:\upgrade skills 2024\Backend\Express\typescript-nodejs-starer\node_modules\express\lib\router\index.js:265:14)
2024-07-13T14:26:01.657Z error: Error: Request not found!
    at notFoundHandler (N:\upgrade skills 2024\Backend\Express\typescript-nodejs-starer\src\middlewares\notFountHandler.ts:6:17)
    at Layer.handle [as handle_request] (N:\upgrade skills 2024\Backend\Express\typescript-nodejs-starer\node_modules\express\lib\router\layer.js:95:5)
    at trim_prefix (N:\upgrade skills 2024\Backend\Express\typescript-nodejs-starer\node_modules\express\lib\router\index.js:328:13)
    at N:\upgrade skills 2024\Backend\Express\typescript-nodejs-starer\node_modules\express\lib\router\index.js:286:9
    at Function.process_params (N:\upgrade skills 2024\Backend\Express\typescript-nodejs-starer\node_modules\express\lib\router\index.js:346:12)
    at next (N:\upgrade skills 2024\Backend\Express\typescript-nodejs-starer\node_modules\express\lib\router\index.js:280:10)
    at N:\upgrade skills 2024\Backend\Express\typescript-nodejs-starer\node_modules\express\lib\router\index.js:646:15
    at next (N:\upgrade skills 2024\Backend\Express\typescript-nodejs-starer\node_modules\express\lib\router\index.js:265:14)
    at N:\upgrade skills 2024\Backend\Express\typescript-nodejs-starer\node_modules\express\lib\router\index.js:646:15
    at next (N:\upgrade skills 2024\Backend\Express\typescript-nodejs-starer\node_modules\express\lib\router\index.js:265:14)
2024-07-13T14:30:32.986Z error: Error: Method GET not allowed on /auth/register
    at N:\upgrade skills 2024\Backend\Express\typescript-nodejs-starer\src\routes\index.ts:17:17
    at Layer.handle [as handle_request] (N:\upgrade skills 2024\Backend\Express\typescript-nodejs-starer\node_modules\express\lib\router\layer.js:95:5)
    at next (N:\upgrade skills 2024\Backend\Express\typescript-nodejs-starer\node_modules\express\lib\router\route.js:149:13)
    at Route.dispatch (N:\upgrade skills 2024\Backend\Express\typescript-nodejs-starer\node_modules\express\lib\router\route.js:119:3)
    at Layer.handle [as handle_request] (N:\upgrade skills 2024\Backend\Express\typescript-nodejs-starer\node_modules\express\lib\router\layer.js:95:5)
    at N:\upgrade skills 2024\Backend\Express\typescript-nodejs-starer\node_modules\express\lib\router\index.js:284:15
    at param (N:\upgrade skills 2024\Backend\Express\typescript-nodejs-starer\node_modules\express\lib\router\index.js:365:14)
    at param (N:\upgrade skills 2024\Backend\Express\typescript-nodejs-starer\node_modules\express\lib\router\index.js:376:14)
    at Function.process_params (N:\upgrade skills 2024\Backend\Express\typescript-nodejs-starer\node_modules\express\lib\router\index.js:421:3)
    at next (N:\upgrade skills 2024\Backend\Express\typescript-nodejs-starer\node_modules\express\lib\router\index.js:280:10)
2024-07-13T14:30:38.508Z error: Error: Method GET not allowed on /auth/register/sd
    at N:\upgrade skills 2024\Backend\Express\typescript-nodejs-starer\src\routes\index.ts:17:17
    at Layer.handle [as handle_request] (N:\upgrade skills 2024\Backend\Express\typescript-nodejs-starer\node_modules\express\lib\router\layer.js:95:5)
    at next (N:\upgrade skills 2024\Backend\Express\typescript-nodejs-starer\node_modules\express\lib\router\route.js:149:13)
    at Route.dispatch (N:\upgrade skills 2024\Backend\Express\typescript-nodejs-starer\node_modules\express\lib\router\route.js:119:3)
    at Layer.handle [as handle_request] (N:\upgrade skills 2024\Backend\Express\typescript-nodejs-starer\node_modules\express\lib\router\layer.js:95:5)
    at N:\upgrade skills 2024\Backend\Express\typescript-nodejs-starer\node_modules\express\lib\router\index.js:284:15
    at param (N:\upgrade skills 2024\Backend\Express\typescript-nodejs-starer\node_modules\express\lib\router\index.js:365:14)
    at param (N:\upgrade skills 2024\Backend\Express\typescript-nodejs-starer\node_modules\express\lib\router\index.js:376:14)
    at Function.process_params (N:\upgrade skills 2024\Backend\Express\typescript-nodejs-starer\node_modules\express\lib\router\index.js:421:3)
    at next (N:\upgrade skills 2024\Backend\Express\typescript-nodejs-starer\node_modules\express\lib\router\index.js:280:10)
2024-07-13T14:30:53.311Z error: Error: Request not found!
    at notFoundHandler (N:\upgrade skills 2024\Backend\Express\typescript-nodejs-starer\src\middlewares\notFountHandler.ts:6:17)
    at Layer.handle [as handle_request] (N:\upgrade skills 2024\Backend\Express\typescript-nodejs-starer\node_modules\express\lib\router\layer.js:95:5)
    at trim_prefix (N:\upgrade skills 2024\Backend\Express\typescript-nodejs-starer\node_modules\express\lib\router\index.js:328:13)
    at N:\upgrade skills 2024\Backend\Express\typescript-nodejs-starer\node_modules\express\lib\router\index.js:286:9
    at Function.process_params (N:\upgrade skills 2024\Backend\Express\typescript-nodejs-starer\node_modules\express\lib\router\index.js:346:12)
    at Immediate.next (N:\upgrade skills 2024\Backend\Express\typescript-nodejs-starer\node_modules\express\lib\router\index.js:280:10)
    at Immediate._onImmediate (N:\upgrade skills 2024\Backend\Express\typescript-nodejs-starer\node_modules\express\lib\router\index.js:646:15)
    at processImmediate (node:internal/timers:478:21)
2024-07-13T14:30:56.230Z error: Error: Request not found!
    at notFoundHandler (N:\upgrade skills 2024\Backend\Express\typescript-nodejs-starer\src\middlewares\notFountHandler.ts:6:17)
    at Layer.handle [as handle_request] (N:\upgrade skills 2024\Backend\Express\typescript-nodejs-starer\node_modules\express\lib\router\layer.js:95:5)
    at trim_prefix (N:\upgrade skills 2024\Backend\Express\typescript-nodejs-starer\node_modules\express\lib\router\index.js:328:13)
    at N:\upgrade skills 2024\Backend\Express\typescript-nodejs-starer\node_modules\express\lib\router\index.js:286:9
    at Function.process_params (N:\upgrade skills 2024\Backend\Express\typescript-nodejs-starer\node_modules\express\lib\router\index.js:346:12)
    at Immediate.next (N:\upgrade skills 2024\Backend\Express\typescript-nodejs-starer\node_modules\express\lib\router\index.js:280:10)
    at Immediate._onImmediate (N:\upgrade skills 2024\Backend\Express\typescript-nodejs-starer\node_modules\express\lib\router\index.js:646:15)
    at processImmediate (node:internal/timers:478:21)
2024-07-13T14:41:46.402Z error: Error: Request not found!
    at notFoundHandler (N:\upgrade skills 2024\Backend\Express\typescript-nodejs-starer\src\middlewares\notFountHandler.ts:6:17)
    at Layer.handle [as handle_request] (N:\upgrade skills 2024\Backend\Express\typescript-nodejs-starer\node_modules\express\lib\router\layer.js:95:5)
    at trim_prefix (N:\upgrade skills 2024\Backend\Express\typescript-nodejs-starer\node_modules\express\lib\router\index.js:328:13)
    at N:\upgrade skills 2024\Backend\Express\typescript-nodejs-starer\node_modules\express\lib\router\index.js:286:9
    at Function.process_params (N:\upgrade skills 2024\Backend\Express\typescript-nodejs-starer\node_modules\express\lib\router\index.js:346:12)
    at Immediate.next (N:\upgrade skills 2024\Backend\Express\typescript-nodejs-starer\node_modules\express\lib\router\index.js:280:10)
    at Immediate._onImmediate (N:\upgrade skills 2024\Backend\Express\typescript-nodejs-starer\node_modules\express\lib\router\index.js:646:15)
    at processImmediate (node:internal/timers:478:21)
